CRITICAL - 2024-01-28 22:48:30 --> Invalid file: template/header.php
#0 C:\xampp\htdocs\csh\system\View\View.php(198): CodeIgniter\Exceptions\FrameworkException::forInvalidFile('template/header...')
#1 C:\xampp\htdocs\csh\system\Common.php(1089): CodeIgniter\View\View->render('template/header', Array, true)
#2 C:\xampp\htdocs\csh\app\Controllers\Home.php(115): view('template/header')
#3 C:\xampp\htdocs\csh\system\CodeIgniter.php(832): App\Controllers\Home->login()
#4 C:\xampp\htdocs\csh\system\CodeIgniter.php(419): CodeIgniter\CodeIgniter->runController(Object(App\Controllers\Home))
#5 C:\xampp\htdocs\csh\system\CodeIgniter.php(326): CodeIgniter\CodeIgniter->handleRequest(NULL, Object(Config\Cache), false)
#6 C:\xampp\htdocs\csh\public\index.php(37): CodeIgniter\CodeIgniter->run()
#7 C:\xampp\htdocs\csh\system\Commands\Server\rewrite.php(43): require_once('C:\\xampp\\htdocs...')
#8 {main}
CRITICAL - 2024-01-28 22:48:32 --> Invalid file: template/header.php
#0 C:\xampp\htdocs\csh\system\View\View.php(198): CodeIgniter\Exceptions\FrameworkException::forInvalidFile('template/header...')
#1 C:\xampp\htdocs\csh\system\Common.php(1089): CodeIgniter\View\View->render('template/header', Array, true)
#2 C:\xampp\htdocs\csh\app\Controllers\Home.php(115): view('template/header')
#3 C:\xampp\htdocs\csh\system\CodeIgniter.php(832): App\Controllers\Home->login()
#4 C:\xampp\htdocs\csh\system\CodeIgniter.php(419): CodeIgniter\CodeIgniter->runController(Object(App\Controllers\Home))
#5 C:\xampp\htdocs\csh\system\CodeIgniter.php(326): CodeIgniter\CodeIgniter->handleRequest(NULL, Object(Config\Cache), false)
#6 C:\xampp\htdocs\csh\public\index.php(37): CodeIgniter\CodeIgniter->run()
#7 C:\xampp\htdocs\csh\system\Commands\Server\rewrite.php(43): require_once('C:\\xampp\\htdocs...')
#8 {main}
CRITICAL - 2024-01-28 23:22:27 --> mysqli_query(): Couldn't fetch mysqli
#0 [internal function]: CodeIgniter\Debug\Exceptions->errorHandler(2, 'mysqli_query():...', 'C:\\xampp\\htdocs...', 64, Array)
#1 C:\xampp\htdocs\csh\app\Views\hal\laporan.php(64): mysqli_query(Object(mysqli), 'SELECT * FROM l...')
#2 C:\xampp\htdocs\csh\system\View\View.php(210): include('C:\\xampp\\htdocs...')
#3 C:\xampp\htdocs\csh\system\View\View.php(213): CodeIgniter\View\View->CodeIgniter\View\{closure}()
#4 C:\xampp\htdocs\csh\system\Common.php(1089): CodeIgniter\View\View->render('hal/laporan', Array, true)
#5 C:\xampp\htdocs\csh\app\Controllers\Home.php(97): view('hal/laporan')
#6 C:\xampp\htdocs\csh\system\CodeIgniter.php(832): App\Controllers\Home->laporan()
#7 C:\xampp\htdocs\csh\system\CodeIgniter.php(419): CodeIgniter\CodeIgniter->runController(Object(App\Controllers\Home))
#8 C:\xampp\htdocs\csh\system\CodeIgniter.php(326): CodeIgniter\CodeIgniter->handleRequest(NULL, Object(Config\Cache), false)
#9 C:\xampp\htdocs\csh\public\index.php(37): CodeIgniter\CodeIgniter->run()
#10 C:\xampp\htdocs\csh\system\Commands\Server\rewrite.php(43): require_once('C:\\xampp\\htdocs...')
#11 {main}
CRITICAL - 2024-01-28 23:22:30 --> mysqli_query(): Couldn't fetch mysqli
#0 [internal function]: CodeIgniter\Debug\Exceptions->errorHandler(2, 'mysqli_query():...', 'C:\\xampp\\htdocs...', 64, Array)
#1 C:\xampp\htdocs\csh\app\Views\hal\laporan.php(64): mysqli_query(Object(mysqli), 'SELECT * FROM l...')
#2 C:\xampp\htdocs\csh\system\View\View.php(210): include('C:\\xampp\\htdocs...')
#3 C:\xampp\htdocs\csh\system\View\View.php(213): CodeIgniter\View\View->CodeIgniter\View\{closure}()
#4 C:\xampp\htdocs\csh\system\Common.php(1089): CodeIgniter\View\View->render('hal/laporan', Array, true)
#5 C:\xampp\htdocs\csh\app\Controllers\Home.php(97): view('hal/laporan')
#6 C:\xampp\htdocs\csh\system\CodeIgniter.php(832): App\Controllers\Home->laporan()
#7 C:\xampp\htdocs\csh\system\CodeIgniter.php(419): CodeIgniter\CodeIgniter->runController(Object(App\Controllers\Home))
#8 C:\xampp\htdocs\csh\system\CodeIgniter.php(326): CodeIgniter\CodeIgniter->handleRequest(NULL, Object(Config\Cache), false)
#9 C:\xampp\htdocs\csh\public\index.php(37): CodeIgniter\CodeIgniter->run()
#10 C:\xampp\htdocs\csh\system\Commands\Server\rewrite.php(43): require_once('C:\\xampp\\htdocs...')
#11 {main}
