CRITICAL - 2024-01-24 23:17:11 --> Invalid file: login.php
#0 C:\xampp\htdocs\csh\system\View\View.php(198): CodeIgniter\Exceptions\FrameworkException::forInvalidFile('login.php')
#1 C:\xampp\htdocs\csh\system\Common.php(1089): CodeIgniter\View\View->render('login', Array, true)
#2 C:\xampp\htdocs\csh\app\Controllers\Home.php(35): view('login')
#3 C:\xampp\htdocs\csh\system\CodeIgniter.php(832): App\Controllers\Home->login()
#4 C:\xampp\htdocs\csh\system\CodeIgniter.php(419): CodeIgniter\CodeIgniter->runController(Object(App\Controllers\Home))
#5 C:\xampp\htdocs\csh\system\CodeIgniter.php(326): CodeIgniter\CodeIgniter->handleRequest(NULL, Object(Config\Cache), false)
#6 C:\xampp\htdocs\csh\public\index.php(37): CodeIgniter\CodeIgniter->run()
#7 C:\xampp\htdocs\csh\system\Commands\Server\rewrite.php(43): require_once('C:\\xampp\\htdocs...')
#8 {main}
CRITICAL - 2024-01-24 23:17:21 --> Invalid file: login.php
#0 C:\xampp\htdocs\csh\system\View\View.php(198): CodeIgniter\Exceptions\FrameworkException::forInvalidFile('login.php')
#1 C:\xampp\htdocs\csh\system\Common.php(1089): CodeIgniter\View\View->render('login', Array, true)
#2 C:\xampp\htdocs\csh\app\Controllers\Home.php(35): view('login')
#3 C:\xampp\htdocs\csh\system\CodeIgniter.php(832): App\Controllers\Home->login()
#4 C:\xampp\htdocs\csh\system\CodeIgniter.php(419): CodeIgniter\CodeIgniter->runController(Object(App\Controllers\Home))
#5 C:\xampp\htdocs\csh\system\CodeIgniter.php(326): CodeIgniter\CodeIgniter->handleRequest(NULL, Object(Config\Cache), false)
#6 C:\xampp\htdocs\csh\public\index.php(37): CodeIgniter\CodeIgniter->run()
#7 C:\xampp\htdocs\csh\system\Commands\Server\rewrite.php(43): require_once('C:\\xampp\\htdocs...')
#8 {main}
CRITICAL - 2024-01-24 23:20:09 --> Invalid file: login.php
#0 C:\xampp\htdocs\csh\system\View\View.php(198): CodeIgniter\Exceptions\FrameworkException::forInvalidFile('login.php')
#1 C:\xampp\htdocs\csh\system\Common.php(1089): CodeIgniter\View\View->render('login', Array, true)
#2 C:\xampp\htdocs\csh\app\Controllers\Home.php(35): view('login')
#3 C:\xampp\htdocs\csh\system\CodeIgniter.php(832): App\Controllers\Home->login()
#4 C:\xampp\htdocs\csh\system\CodeIgniter.php(419): CodeIgniter\CodeIgniter->runController(Object(App\Controllers\Home))
#5 C:\xampp\htdocs\csh\system\CodeIgniter.php(326): CodeIgniter\CodeIgniter->handleRequest(NULL, Object(Config\Cache), false)
#6 C:\xampp\htdocs\csh\public\index.php(37): CodeIgniter\CodeIgniter->run()
#7 C:\xampp\htdocs\csh\system\Commands\Server\rewrite.php(43): require_once('C:\\xampp\\htdocs...')
#8 {main}
CRITICAL - 2024-01-24 23:20:10 --> Invalid file: login.php
#0 C:\xampp\htdocs\csh\system\View\View.php(198): CodeIgniter\Exceptions\FrameworkException::forInvalidFile('login.php')
#1 C:\xampp\htdocs\csh\system\Common.php(1089): CodeIgniter\View\View->render('login', Array, true)
#2 C:\xampp\htdocs\csh\app\Controllers\Home.php(35): view('login')
#3 C:\xampp\htdocs\csh\system\CodeIgniter.php(832): App\Controllers\Home->login()
#4 C:\xampp\htdocs\csh\system\CodeIgniter.php(419): CodeIgniter\CodeIgniter->runController(Object(App\Controllers\Home))
#5 C:\xampp\htdocs\csh\system\CodeIgniter.php(326): CodeIgniter\CodeIgniter->handleRequest(NULL, Object(Config\Cache), false)
#6 C:\xampp\htdocs\csh\public\index.php(37): CodeIgniter\CodeIgniter->run()
#7 C:\xampp\htdocs\csh\system\Commands\Server\rewrite.php(43): require_once('C:\\xampp\\htdocs...')
#8 {main}
CRITICAL - 2024-01-24 23:20:10 --> Invalid file: login.php
#0 C:\xampp\htdocs\csh\system\View\View.php(198): CodeIgniter\Exceptions\FrameworkException::forInvalidFile('login.php')
#1 C:\xampp\htdocs\csh\system\Common.php(1089): CodeIgniter\View\View->render('login', Array, true)
#2 C:\xampp\htdocs\csh\app\Controllers\Home.php(35): view('login')
#3 C:\xampp\htdocs\csh\system\CodeIgniter.php(832): App\Controllers\Home->login()
#4 C:\xampp\htdocs\csh\system\CodeIgniter.php(419): CodeIgniter\CodeIgniter->runController(Object(App\Controllers\Home))
#5 C:\xampp\htdocs\csh\system\CodeIgniter.php(326): CodeIgniter\CodeIgniter->handleRequest(NULL, Object(Config\Cache), false)
#6 C:\xampp\htdocs\csh\public\index.php(37): CodeIgniter\CodeIgniter->run()
#7 C:\xampp\htdocs\csh\system\Commands\Server\rewrite.php(43): require_once('C:\\xampp\\htdocs...')
#8 {main}
CRITICAL - 2024-01-24 23:26:26 --> Invalid file: dashboard.php
#0 C:\xampp\htdocs\csh\system\View\View.php(198): CodeIgniter\Exceptions\FrameworkException::forInvalidFile('dashboard.php')
#1 C:\xampp\htdocs\csh\system\Common.php(1089): CodeIgniter\View\View->render('dashboard', Array, true)
#2 C:\xampp\htdocs\csh\app\Controllers\Home.php(14): view('dashboard')
#3 C:\xampp\htdocs\csh\system\CodeIgniter.php(832): App\Controllers\Home->index()
#4 C:\xampp\htdocs\csh\system\CodeIgniter.php(419): CodeIgniter\CodeIgniter->runController(Object(App\Controllers\Home))
#5 C:\xampp\htdocs\csh\system\CodeIgniter.php(326): CodeIgniter\CodeIgniter->handleRequest(NULL, Object(Config\Cache), false)
#6 C:\xampp\htdocs\csh\public\index.php(37): CodeIgniter\CodeIgniter->run()
#7 C:\xampp\htdocs\csh\system\Commands\Server\rewrite.php(43): require_once('C:\\xampp\\htdocs...')
#8 {main}
